<?xml version="1.0" encoding="UTF-8"?>
<robot generator="Robot 4.1.1 (Python 3.7.5 on darwin)" generated="20211012 14:33:55.903" rpa="true" schemaversion="2">
<suite id="s1" name="Work-Items-Loop" source="/Users/cmin/Robots/work-items-loop">
<suite id="s1-s1" name="Tasks" source="/Users/cmin/Robots/work-items-loop/tasks.robot">
<test id="s1-s1-t1" name="Read work item with attached file and add content as payload">
<kw name="For Each Input Work Item" library="RPA.Robocorp.WorkItems">
<var>@{contents}</var>
<arg>Read files and save content in payload</arg>
<doc>Run a keyword or function for each work item in the input queue.</doc>
<kw name="Read files and save content in payload">
<kw name="Get Work Item File" library="RPA.Robocorp.WorkItems">
<var>${path}</var>
<arg>orders.txt</arg>
<doc>Get attached file from work item to disk.
Returns the absolute path to the created file.</doc>
<msg timestamp="20211012 14:33:56.214" level="INFO">Downloaded file to: /Users/cmin/Robots/work-items-loop/orders.txt</msg>
<msg timestamp="20211012 14:33:56.215" level="INFO">${path} = /Users/cmin/Robots/work-items-loop/orders.txt</msg>
<status status="PASS" starttime="20211012 14:33:56.214" endtime="20211012 14:33:56.215"/>
</kw>
<kw name="Get File" library="OperatingSystem">
<var>${content}</var>
<arg>${path}</arg>
<doc>Returns the contents of a specified file.</doc>
<msg timestamp="20211012 14:33:56.215" level="INFO" html="true">Getting file '&lt;a href="file:///Users/cmin/Robots/work-items-loop/orders.txt"&gt;/Users/cmin/Robots/work-items-loop/orders.txt&lt;/a&gt;'.</msg>
<msg timestamp="20211012 14:33:56.215" level="INFO">${content} = This is orders1.txt
A file named orders.txt should be attached in the initial input work item
</msg>
<status status="PASS" starttime="20211012 14:33:56.215" endtime="20211012 14:33:56.215"/>
</kw>
<kw name="Create Output Work Item" library="RPA.Robocorp.WorkItems">
<doc>Create a new output work item.</doc>
<status status="PASS" starttime="20211012 14:33:56.215" endtime="20211012 14:33:56.215"/>
</kw>
<kw name="Set Work Item Variable" library="RPA.Robocorp.WorkItems">
<arg>data</arg>
<arg>${content}</arg>
<doc>Set a single variable value in the current work item.</doc>
<msg timestamp="20211012 14:33:56.215" level="INFO">data = This is orders1.txt
A file named orders.txt should be attached in the initial input work item
</msg>
<status status="PASS" starttime="20211012 14:33:56.215" endtime="20211012 14:33:56.215"/>
</kw>
<kw name="Save Work Item" library="RPA.Robocorp.WorkItems">
<doc>Save the current data and files in the work item. If not saved,
all changes are discarded when the library goes out of scope.</doc>
<msg timestamp="20211012 14:33:56.216" level="INFO">Saved into output file: /Users/cmin/Robots/work-items-loop/output/items-out.json</msg>
<status status="PASS" starttime="20211012 14:33:56.215" endtime="20211012 14:33:56.216"/>
</kw>
<status status="PASS" starttime="20211012 14:33:56.214" endtime="20211012 14:33:56.216"/>
</kw>
<kw name="Read files and save content in payload">
<kw name="Get Work Item File" library="RPA.Robocorp.WorkItems">
<var>${path}</var>
<arg>orders.txt</arg>
<doc>Get attached file from work item to disk.
Returns the absolute path to the created file.</doc>
<msg timestamp="20211012 14:33:56.216" level="INFO">Downloaded file to: /Users/cmin/Robots/work-items-loop/orders.txt</msg>
<msg timestamp="20211012 14:33:56.216" level="INFO">${path} = /Users/cmin/Robots/work-items-loop/orders.txt</msg>
<status status="PASS" starttime="20211012 14:33:56.216" endtime="20211012 14:33:56.216"/>
</kw>
<kw name="Get File" library="OperatingSystem">
<var>${content}</var>
<arg>${path}</arg>
<doc>Returns the contents of a specified file.</doc>
<msg timestamp="20211012 14:33:56.217" level="INFO" html="true">Getting file '&lt;a href="file:///Users/cmin/Robots/work-items-loop/orders.txt"&gt;/Users/cmin/Robots/work-items-loop/orders.txt&lt;/a&gt;'.</msg>
<msg timestamp="20211012 14:33:56.217" level="INFO">${content} = This is orders2.txt
A file named orders.txt should be attached in the initial input work item
</msg>
<status status="PASS" starttime="20211012 14:33:56.217" endtime="20211012 14:33:56.217"/>
</kw>
<kw name="Create Output Work Item" library="RPA.Robocorp.WorkItems">
<doc>Create a new output work item.</doc>
<status status="PASS" starttime="20211012 14:33:56.217" endtime="20211012 14:33:56.217"/>
</kw>
<kw name="Set Work Item Variable" library="RPA.Robocorp.WorkItems">
<arg>data</arg>
<arg>${content}</arg>
<doc>Set a single variable value in the current work item.</doc>
<msg timestamp="20211012 14:33:56.217" level="INFO">data = This is orders2.txt
A file named orders.txt should be attached in the initial input work item
</msg>
<status status="PASS" starttime="20211012 14:33:56.217" endtime="20211012 14:33:56.217"/>
</kw>
<kw name="Save Work Item" library="RPA.Robocorp.WorkItems">
<doc>Save the current data and files in the work item. If not saved,
all changes are discarded when the library goes out of scope.</doc>
<msg timestamp="20211012 14:33:56.217" level="INFO">Saved into output file: /Users/cmin/Robots/work-items-loop/output/items-out.json</msg>
<status status="PASS" starttime="20211012 14:33:56.217" endtime="20211012 14:33:56.217"/>
</kw>
<status status="PASS" starttime="20211012 14:33:56.216" endtime="20211012 14:33:56.217"/>
</kw>
<msg timestamp="20211012 14:33:56.218" level="INFO">@{contents} = [ This is orders1.txt
A file named orders.txt should be attached in the initial input work item
 | This is orders2.txt
A file named orders.txt should be attached in the initial input work item
 ]</msg>
<status status="PASS" starttime="20211012 14:33:56.213" endtime="20211012 14:33:56.218"/>
</kw>
<kw name="Log Many" library="BuiltIn">
<arg>@{contents}</arg>
<doc>Logs the given messages as separate entries using the INFO level.</doc>
<msg timestamp="20211012 14:33:56.218" level="INFO">This is orders1.txt
A file named orders.txt should be attached in the initial input work item
</msg>
<msg timestamp="20211012 14:33:56.218" level="INFO">This is orders2.txt
A file named orders.txt should be attached in the initial input work item
</msg>
<status status="PASS" starttime="20211012 14:33:56.218" endtime="20211012 14:33:56.218"/>
</kw>
<status status="PASS" starttime="20211012 14:33:56.213" endtime="20211012 14:33:56.218"/>
</test>
<doc>Testing the helper keyword on consuming all work items in the queue.</doc>
<status status="PASS" starttime="20211012 14:33:55.924" endtime="20211012 14:33:56.218"/>
</suite>
<status status="PASS" starttime="20211012 14:33:55.903" endtime="20211012 14:33:56.219"/>
</suite>
<statistics>
<total>
<stat pass="1" fail="0" skip="0">All Tasks</stat>
</total>
<tag>
</tag>
<suite>
<stat pass="1" fail="0" skip="0" id="s1" name="Work-Items-Loop">Work-Items-Loop</stat>
<stat pass="1" fail="0" skip="0" id="s1-s1" name="Tasks">Work-Items-Loop.Tasks</stat>
</suite>
</statistics>
<errors>
</errors>
</robot>
